<?xml version="1.0" encoding="UTF-8"?>
<!-- Generated by org.testng.reporters.JUnitXMLReporter -->
<testsuite hostname="AKKYU01-5520" ignored="0" name="LifeCo Insurance Company Sanity Test" tests="6" failures="0" timestamp="29 Jan 2019 11:49:07 GMT" time="253.172" errors="0">
  <testcase name="homePageTitleTest" time="0.024" classname="com.lco.qa.testcases.OnePersonQuoteTest"/>
  <testcase name="onePersonQuoteTest" time="7.878" classname="com.lco.qa.testcases.OnePersonQuoteTest"/>
  <testcase name="FinalizeProduct" time="188.342" classname="com.lco.qa.testcases.ProductSelectionTest"/>
  <testcase name="ProductSelectionPageTitleTest" time="0.014" classname="com.lco.qa.testcases.ProductSelectionTest"/>
  <testcase name="selectProduct" time="3.2" classname="com.lco.qa.testcases.ProductSelectionTest"/>
  <testcase name="validateOnePersonQuoteInfo" time="1.548" classname="com.lco.qa.testcases.ProductSelectionTest"/>
</testsuite> <!-- LifeCo Insurance Company Sanity Test -->
