<?xml version="1.0" encoding="UTF-8"?>
<!-- Generated by org.testng.reporters.JUnitXMLReporter -->
<testsuite hostname="AKKYU01-5520" ignored="0" name="LifeCo Insurance Company Sanity Test" tests="6" failures="0" timestamp="28 Jan 2019 14:57:19 GMT" time="113.343" errors="0">
  <testcase name="homePageTitleTest" time="0.023" classname="com.lco.qa.testcases.OnePersonQuoteTest"/>
  <testcase name="onePersonQuoteTest" time="9.448" classname="com.lco.qa.testcases.OnePersonQuoteTest"/>
  <testcase name="FinalizeProduct" time="26.408" classname="com.lco.qa.testcases.ProductSelectionTest"/>
  <testcase name="ProductSelectionPageTitleTest" time="0.013" classname="com.lco.qa.testcases.ProductSelectionTest"/>
  <testcase name="selectProduct" time="1.615" classname="com.lco.qa.testcases.ProductSelectionTest"/>
  <testcase name="validateOnePersonQuoteInfo" time="1.215" classname="com.lco.qa.testcases.ProductSelectionTest"/>
</testsuite> <!-- LifeCo Insurance Company Sanity Test -->
