<?xml version="1.0" encoding="UTF-8"?>
<!-- Generated by org.testng.reporters.JUnitXMLReporter -->
<testsuite hostname="AKKYU01-5520" ignored="0" name="LifeCo Insurance Company Sanity Test" tests="6" failures="0" timestamp="28 Jan 2019 16:21:46 GMT" time="340.678" errors="0">
  <testcase name="homePageTitleTest" time="0.032" classname="com.lco.qa.testcases.OnePersonQuoteTest"/>
  <testcase name="onePersonQuoteTest" time="20.047" classname="com.lco.qa.testcases.OnePersonQuoteTest"/>
  <testcase name="FinalizeProduct" time="27.689" classname="com.lco.qa.testcases.ProductSelectionTest"/>
  <testcase name="ProductSelectionPageTitleTest" time="0.018" classname="com.lco.qa.testcases.ProductSelectionTest"/>
  <testcase name="selectProduct" time="2.948" classname="com.lco.qa.testcases.ProductSelectionTest"/>
  <testcase name="validateOnePersonQuoteInfo" time="1.974" classname="com.lco.qa.testcases.ProductSelectionTest"/>
</testsuite> <!-- LifeCo Insurance Company Sanity Test -->
