<?xml version="1.0" encoding="UTF-8"?>
<!-- Generated by org.testng.reporters.JUnitXMLReporter -->
<testsuite hostname="AKKYU01-5520" ignored="3" name="Default test" tests="1" failures="0" timestamp="28 Jan 2019 14:42:58 GMT" time="41.989" errors="0">
  <testcase name="FinalizeProduct" time="24.636" classname="com.lco.qa.testcases.ProductSelectionTest"/>
  <testcase name="selectProduct" time="0.0" classname="com.lco.qa.testcases.ProductSelectionTest">
    <ignored/>
  </testcase> <!-- selectProduct -->
  <testcase name="validateOnePersonQuoteInfo" time="0.0" classname="com.lco.qa.testcases.ProductSelectionTest">
    <ignored/>
  </testcase> <!-- validateOnePersonQuoteInfo -->
  <testcase name="ProductSelectionPageTitleTest" time="0.0" classname="com.lco.qa.testcases.ProductSelectionTest">
    <ignored/>
  </testcase> <!-- ProductSelectionPageTitleTest -->
</testsuite> <!-- Default test -->
