<?xml version="1.0" encoding="UTF-8"?>
<!-- Generated by org.testng.reporters.JUnitXMLReporter -->
<testsuite hostname="AKKYU01-5520" ignored="3" name="Default test" tests="2" failures="0" timestamp="10 Feb 2019 18:48:03 GMT" time="23.656" errors="0">
  <testcase name="onePersonQuoteTest11" time="3.729" classname="com.lco.qa.testcases.OnePersonQuoteTest"/>
  <testcase name="onePersonQuoteTest11" time="3.499" classname="com.lco.qa.testcases.OnePersonQuoteTest"/>
  <testcase name="homePageTitleTest" time="0.0" classname="com.lco.qa.testcases.OnePersonQuoteTest">
    <ignored/>
  </testcase> <!-- homePageTitleTest -->
  <testcase name="onePersonQuoteTest1" time="0.0" classname="com.lco.qa.testcases.OnePersonQuoteTest">
    <ignored/>
  </testcase> <!-- onePersonQuoteTest1 -->
  <testcase name="onePersonQuoteTest" time="0.0" classname="com.lco.qa.testcases.OnePersonQuoteTest">
    <ignored/>
  </testcase> <!-- onePersonQuoteTest -->
</testsuite> <!-- Default test -->
