<?xml version="1.0" encoding="UTF-8"?>
<testsuite xmlns:xsi="http://www.w3.org/2001/XMLSchema-instance" xsi:noNamespaceSchemaLocation="https://maven.apache.org/surefire/maven-surefire-plugin/xsd/surefire-test-report.xsd" name="TestSuite" time="114.516" tests="6" errors="0" skipped="0" failures="0">
  <properties>
[...]
</properties>
  <testcase name="homePageTitleTest" classname="com.lco.qa.testcases.OnePersonQuoteTest" time="0.024"/>
  <testcase name="onePersonQuoteTest" classname="com.lco.qa.testcases.OnePersonQuoteTest" time="9.449"/>
  <testcase name="FinalizeProduct" classname="com.lco.qa.testcases.ProductSelectionTest" time="26.408"/>
  <testcase name="ProductSelectionPageTitleTest" classname="com.lco.qa.testcases.ProductSelectionTest" time="0.013"/>
  <testcase name="selectProduct" classname="com.lco.qa.testcases.ProductSelectionTest" time="1.615"/>
  <testcase name="validateOnePersonQuoteInfo" classname="com.lco.qa.testcases.ProductSelectionTest" time="1.219"/>
</testsuite>